Determining if the pthread_create exist failed with the following output:
Change Dir: /home/viki/miniproject_ws/build/CMakeFiles/CMakeTmp

Run Build Command:/usr/bin/make "cmTryCompileExec77429062/fast"
/usr/bin/make -f CMakeFiles/cmTryCompileExec77429062.dir/build.make CMakeFiles/cmTryCompileExec77429062.dir/build
make[1]: Entering directory `/home/viki/miniproject_ws/build/CMakeFiles/CMakeTmp'
/usr/bin/cmake -E cmake_progress_report /home/viki/miniproject_ws/build/CMakeFiles/CMakeTmp/CMakeFiles 1
Building C object CMakeFiles/cmTryCompileExec77429062.dir/CheckSymbolExists.c.o
/usr/bin/cc    -o CMakeFiles/cmTryCompileExec77429062.dir/CheckSymbolExists.c.o   -c /home/viki/miniproject_ws/build/CMakeFiles/CMakeTmp/CheckSymbolExists.c
Linking C executable cmTryCompileExec77429062
/usr/bin/cmake -E cmake_link_script CMakeFiles/cmTryCompileExec77429062.dir/link.txt --verbose=1
/usr/bin/cc       CMakeFiles/cmTryCompileExec77429062.dir/CheckSymbolExists.c.o  -o cmTryCompileExec77429062 -rdynamic 
CMakeFiles/cmTryCompileExec77429062.dir/CheckSymbolExists.c.o: In function `main':
CheckSymbolExists.c:(.text+0x16): undefined reference to `pthread_create'
collect2: error: ld returned 1 exit status
make[1]: Leaving directory `/home/viki/miniproject_ws/build/CMakeFiles/CMakeTmp'
make[1]: *** [cmTryCompileExec77429062] Error 1
make: *** [cmTryCompileExec77429062/fast] Error 2

File /home/viki/miniproject_ws/build/CMakeFiles/CMakeTmp/CheckSymbolExists.c:
/* */
#include <pthread.h>

int main(int argc, char** argv)
{
  (void)argv;
#ifndef pthread_create
  return ((int*)(&pthread_create))[argc];
#else
  (void)argc;
  return 0;
#endif
}

Determining if the function pthread_create exists in the pthreads failed with the following output:
Change Dir: /home/viki/miniproject_ws/build/CMakeFiles/CMakeTmp

Run Build Command:/usr/bin/make "cmTryCompileExec1181888152/fast"
/usr/bin/make -f CMakeFiles/cmTryCompileExec1181888152.dir/build.make CMakeFiles/cmTryCompileExec1181888152.dir/build
make[1]: Entering directory `/home/viki/miniproject_ws/build/CMakeFiles/CMakeTmp'
/usr/bin/cmake -E cmake_progress_report /home/viki/miniproject_ws/build/CMakeFiles/CMakeTmp/CMakeFiles 1
Building C object CMakeFiles/cmTryCompileExec1181888152.dir/CheckFunctionExists.c.o
/usr/bin/cc   -DCHECK_FUNCTION_EXISTS=pthread_create   -o CMakeFiles/cmTryCompileExec1181888152.dir/CheckFunctionExists.c.o   -c /usr/share/cmake-2.8/Modules/CheckFunctionExists.c
Linking C executable cmTryCompileExec1181888152
/usr/bin/cmake -E cmake_link_script CMakeFiles/cmTryCompileExec1181888152.dir/link.txt --verbose=1
/usr/bin/cc   -DCHECK_FUNCTION_EXISTS=pthread_create    CMakeFiles/cmTryCompileExec1181888152.dir/CheckFunctionExists.c.o  -o cmTryCompileExec1181888152 -rdynamic -lpthreads 
/usr/bin/ld: cannot find -lpthreads
collect2: error: ld returned 1 exit status
make[1]: Leaving directory `/home/viki/miniproject_ws/build/CMakeFiles/CMakeTmp'
make[1]: *** [cmTryCompileExec1181888152] Error 1
make: *** [cmTryCompileExec1181888152/fast] Error 2


